INFO:     Will watch for changes in these directories: ['C:\\Users\\anshupal\\OneDrive\\Desktop\\rexionAI']
INFO:     Uvicorn running on http://127.0.0.1:8000 (Press CTRL+C to quit)
INFO:     Started reloader process [30580] using WatchFiles
Process SpawnProcess-1:
Traceback (most recent call last):
  File "C:\Users\anshupal\AppData\Local\Programs\Python\Python313\Lib\multiprocessing\process.py", line 313, in _bootstrap
    self.run()
    ~~~~~~~~^^
  File "C:\Users\anshupal\AppData\Local\Programs\Python\Python313\Lib\multiprocessing\process.py", line 108, in run
    self._target(*self._args, **self._kwargs)
    ~~~~~~~~~~~~^^^^^^^^^^^^^^^^^^^^^^^^^^^^^
  File "C:\Users\anshupal\OneDrive\Desktop\rexionAI\.venv-1\Lib\site-packages\uvicorn\_subprocess.py", line 80, in subprocess_started
    target(sockets=sockets)
    ~~~~~~^^^^^^^^^^^^^^^^^
  File "C:\Users\anshupal\OneDrive\Desktop\rexionAI\.venv-1\Lib\site-packages\uvicorn\server.py", line 75, in run
    return asyncio_run(self.serve(sockets=sockets), loop_factory=self.config.get_loop_factory())
  File "C:\Users\anshupal\AppData\Local\Programs\Python\Python313\Lib\asyncio\runners.py", line 195, in run
    return runner.run(main)
           ~~~~~~~~~~^^^^^^
  File "C:\Users\anshupal\AppData\Local\Programs\Python\Python313\Lib\asyncio\runners.py", line 118, in run
    return self._loop.run_until_complete(task)
           ~~~~~~~~~~~~~~~~~~~~~~~~~~~~~^^^^^^
  File "C:\Users\anshupal\AppData\Local\Programs\Python\Python313\Lib\asyncio\base_events.py", line 725, in run_until_complete
    return future.result()
           ~~~~~~~~~~~~~^^
  File "C:\Users\anshupal\OneDrive\Desktop\rexionAI\.venv-1\Lib\site-packages\uvicorn\server.py", line 79, in serve
    await self._serve(sockets)
  File "C:\Users\anshupal\OneDrive\Desktop\rexionAI\.venv-1\Lib\site-packages\uvicorn\server.py", line 86, in _serve
    config.load()
    ~~~~~~~~~~~^^
  File "C:\Users\anshupal\OneDrive\Desktop\rexionAI\.venv-1\Lib\site-packages\uvicorn\config.py", line 441, in load
    self.loaded_app = import_from_string(self.app)
                      ~~~~~~~~~~~~~~~~~~^^^^^^^^^^
  File "C:\Users\anshupal\OneDrive\Desktop\rexionAI\.venv-1\Lib\site-packages\uvicorn\importer.py", line 22, in import_from_string
    raise exc from None
  File "C:\Users\anshupal\OneDrive\Desktop\rexionAI\.venv-1\Lib\site-packages\uvicorn\importer.py", line 19, in import_from_string
    module = importlib.import_module(module_str)
  File "C:\Users\anshupal\AppData\Local\Programs\Python\Python313\Lib\importlib\__init__.py", line 88, in import_module
    return _bootstrap._gcd_import(name[level:], package, level)
           ~~~~~~~~~~~~~~~~~~~~~~^^^^^^^^^^^^^^^^^^^^^^^^^^^^^^
  File "<frozen importlib._bootstrap>", line 1387, in _gcd_import
  File "<frozen importlib._bootstrap>", line 1360, in _find_and_load
  File "<frozen importlib._bootstrap>", line 1331, in _find_and_load_unlocked
  File "<frozen importlib._bootstrap>", line 935, in _load_unlocked
  File "<frozen importlib._bootstrap_external>", line 1026, in exec_module
  File "<frozen importlib._bootstrap>", line 488, in _call_with_frames_removed
  File "C:\Users\anshupal\OneDrive\Desktop\rexionAI\ml_service\app\main.py", line 24, in <module>
    from .service.job_fetcher import JobFetcher
  File "C:\Users\anshupal\OneDrive\Desktop\rexionAI\ml_service\app\service\job_fetcher.py", line 1, in <module>
    import httpx
ModuleNotFoundError: No module named 'httpx'
WARNING:  WatchFiles detected changes in '.venv-1\Lib\site-packages\dotenv\ipython.py', '.venv-1\Lib\site-packages\dotenv\cli.py', '.venv-1\Lib\site-packages\dotenv\main.py', '.venv-1\Lib\site-packages\win32_setctime\__init__.py', '.venv-1\Lib\site-packages\dotenv\parser.py', '.venv-1\Lib\site-packages\dotenv\variables.py', '.venv-1\Lib\site-packages\dotenv\__main__.py', '.venv-1\Lib\site-packages\win32_setctime\_setctime.py', '.venv-1\Lib\site-packages\dotenv\version.py', '.venv-1\Lib\site-packages\dotenv\__init__.py'. Reloading...
WARNING:  WatchFiles detected changes in '.venv-1\Lib\site-packages\httpcore\_backends\auto.py', '.venv-1\Lib\site-packages\httpx\_transports\mock.py', '.venv-1\Lib\site-packages\~otenv\version.py', '.venv-1\Lib\site-packages\httpcore\_backends\anyio.py', '.venv-1\Lib\site-packages\httpx\_decoders.py', '.venv-1\Lib\site-packages\httpx\_transports\__init__.py', '.venv-1\Lib\site-packages\httpcore\_backends\__init__.py', '.venv-1\Lib\site-packages\httpcore\_models.py', '.venv-1\Lib\site-packages\loguru\_asyncio_loop.py', '.venv-1\Lib\site-packages\httpx\_api.py', '.venv-1\Lib\site-packages\httpcore\_async\__init__.py', '.venv-1\Lib\site-packages\httpx\_config.py', '.venv-1\Lib\site-packages\httpcore\_async\connection_pool.py', '.venv-1\Lib\site-packages\httpx\_transports\default.py', '.venv-1\Lib\site-packages\httpx\_exceptions.py', '.venv-1\Lib\site-packages\loguru\_string_parsers.py', '.venv-1\Lib\site-packages\httpx\_urlparse.py', '.venv-1\Lib\site-packages\httpcore\_api.py', '.venv-1\Lib\site-packages\httpcore\_sync\interfaces.py', '.venv-1\Lib\site-packages\httpx\_types.py', '.venv-1\Lib\site-packages\httpcore\_exceptions.py', '.venv-1\Lib\site-packages\loguru\_colorama.py', '.venv-1\Lib\site-packages\httpx\_models.py', '.venv-1\Lib\site-packages\httpx\_multipart.py', '.venv-1\Lib\site-packages\loguru\_logger.py', '.venv-1\Lib\site-packages\httpcore\_backends\sync.py', '.venv-1\Lib\site-packages\certifi\core.py', '.venv-1\Lib\site-packages\httpcore\_async\socks_proxy.py', '.venv-1\Lib\site-packages\~otenv\ipython.py', '.venv-1\Lib\site-packages\httpx\_transports\asgi.py', '.venv-1\Lib\site-packages\~otenv\__main__.py', '.venv-1\Lib\site-packages\httpx\_status_codes.py', '.venv-1\Lib\site-packages\certifi\__main__.py', '.venv-1\Lib\site-packages\loguru\_handler.py', '.venv-1\Lib\site-packages\loguru\_ctime_functions.py', '.venv-1\Lib\site-packages\loguru\_colorizer.py', '.venv-1\Lib\site-packages\httpcore\__init__.py', '.venv-1\Lib\site-packages\httpx\_main.py', '.venv-1\Lib\site-packages\httpcore\_ssl.py', '.venv-1\Lib\site-packages\httpcore\_backends\mock.py', '.venv-1\Lib\site-packages\httpcore\_sync\socks_proxy.py', '.venv-1\Lib\site-packages\loguru\_file_sink.py', '.venv-1\Lib\site-packages\httpcore\_backends\base.py', '.venv-1\Lib\site-packages\~otenv\variables.py', '.venv-1\Lib\site-packages\httpx\_content.py', '.venv-1\Lib\site-packages\httpx\_client.py', '.venv-1\Lib\site-packages\httpcore\_sync\http2.py', '.venv-1\Lib\site-packages\loguru\__init__.py', '.venv-1\Lib\site-packages\certifi\__init__.py', '.venv-1\Lib\site-packages\httpx\_urls.py', '.venv-1\Lib\site-packages\httpcore\_sync\http11.py', '.venv-1\Lib\site-packages\httpcore\_async\http11.py', '.venv-1\Lib\site-packages\~otenv\__init__.py', '.venv-1\Lib\site-packages\httpcore\_sync\connection.py', '.venv-1\Lib\site-packages\loguru\_get_frame.py', '.venv-1\Lib\site-packages\httpx\_auth.py', '.venv-1\Lib\site-packages\httpcore\_async\http_proxy.py', '.venv-1\Lib\site-packages\httpcore\_sync\__init__.py', '.venv-1\Lib\site-packages\loguru\_locks_machinery.py', '.venv-1\Lib\site-packages\httpx\_utils.py', '.venv-1\Lib\site-packages\httpcore\_sync\connection_pool.py', '.venv-1\Lib\site-packages\httpx\__init__.py', '.venv-1\Lib\site-packages\httpcore\_async\http2.py', '.venv-1\Lib\site-packages\loguru\_filters.py', '.venv-1\Lib\site-packages\~otenv\main.py', '.venv-1\Lib\site-packages\loguru\_datetime.py', '.venv-1\Lib\site-packages\httpcore\_sync\http_proxy.py', '.venv-1\Lib\site-packages\loguru\_defaults.py', '.venv-1\Lib\site-packages\~otenv\parser.py', '.venv-1\Lib\site-packages\httpcore\_async\interfaces.py', '.venv-1\Lib\site-packages\loguru\_recattrs.py', '.venv-1\Lib\site-packages\loguru\_error_interceptor.py', '.venv-1\Lib\site-packages\httpcore\_backends\trio.py', '.venv-1\Lib\site-packages\loguru\_simple_sinks.py', '.venv-1\Lib\site-packages\loguru\_better_exceptions.py', '.venv-1\Lib\site-packages\loguru\_contextvars.py', '.venv-1\Lib\site-packages\httpx\_transports\base.py', '.venv-1\Lib\site-packages\httpcore\_trace.py', '.venv-1\Lib\site-packages\~otenv\cli.py', '.venv-1\Lib\site-packages\httpx\_transports\wsgi.py', '.venv-1\Lib\site-packages\httpcore\_utils.py', '.venv-1\Lib\site-packages\httpcore\_synchronization.py', '.venv-1\Lib\site-packages\httpcore\_async\connection.py', '.venv-1\Lib\site-packages\httpx\__version__.py'. Reloading...
INFO:     Started server process [5948]
INFO:     Waiting for application startup.
C:\Users\anshupal\OneDrive\Desktop\rexionAI\.venv-1\Lib\site-packages\sklearn\base.py:442: InconsistentVersionWarning: Trying to unpickle estimator TfidfTransformer from version 1.8.0 when using version 1.7.1. This might lead to breaking code or invalid results. Use at your own risk. For more info please refer to:
https://scikit-learn.org/stable/model_persistence.html#security-maintainability-limitations
  warnings.warn(
C:\Users\anshupal\OneDrive\Desktop\rexionAI\.venv-1\Lib\site-packages\sklearn\base.py:442: InconsistentVersionWarning: Trying to unpickle estimator TfidfVectorizer from version 1.8.0 when using version 1.7.1. This might lead to breaking code or invalid results. Use at your own risk. For more info please refer to:
https://scikit-learn.org/stable/model_persistence.html#security-maintainability-limitations
  warnings.warn(
C:\Users\anshupal\OneDrive\Desktop\rexionAI\.venv-1\Lib\site-packages\sklearn\base.py:442: InconsistentVersionWarning: Trying to unpickle estimator LogisticRegression from version 1.8.0 when using version 1.7.1. This might lead to breaking code or invalid results. Use at your own risk. For more info please refer to:
https://scikit-learn.org/stable/model_persistence.html#security-maintainability-limitations
  warnings.warn(
INFO:     Application startup complete.
INFO:     Shutting down
INFO:     Waiting for application shutdown.
INFO:     Application shutdown complete.
INFO:     Finished server process [5948]
