INFO:     Started server process [26784]
INFO:     Waiting for application startup.
C:\Users\anshupal\OneDrive\Desktop\rexionAI\.venv-1\Lib\site-packages\sklearn\base.py:442: InconsistentVersionWarning: Trying to unpickle estimator TfidfTransformer from version 1.8.0 when using version 1.7.1. This might lead to breaking code or invalid results. Use at your own risk. For more info please refer to:
https://scikit-learn.org/stable/model_persistence.html#security-maintainability-limitations
  warnings.warn(
C:\Users\anshupal\OneDrive\Desktop\rexionAI\.venv-1\Lib\site-packages\sklearn\base.py:442: InconsistentVersionWarning: Trying to unpickle estimator TfidfVectorizer from version 1.8.0 when using version 1.7.1. This might lead to breaking code or invalid results. Use at your own risk. For more info please refer to:
https://scikit-learn.org/stable/model_persistence.html#security-maintainability-limitations
  warnings.warn(
C:\Users\anshupal\OneDrive\Desktop\rexionAI\.venv-1\Lib\site-packages\sklearn\base.py:442: InconsistentVersionWarning: Trying to unpickle estimator LogisticRegression from version 1.8.0 when using version 1.7.1. This might lead to breaking code or invalid results. Use at your own risk. For more info please refer to:
https://scikit-learn.org/stable/model_persistence.html#security-maintainability-limitations
  warnings.warn(
INFO:     Application startup complete.
INFO:     Uvicorn running on http://127.0.0.1:8000 (Press CTRL+C to quit)
ERROR:    Exception in ASGI application
Traceback (most recent call last):
  File "C:\Users\anshupal\OneDrive\Desktop\rexionAI\.venv-1\Lib\site-packages\uvicorn\protocols\http\httptools_impl.py", line 416, in run_asgi
    result = await app(  # type: ignore[func-returns-value]
             ^^^^^^^^^^^^^^^^^^^^^^^^^^^^^^^^^^^^^^^^^^^^^^
        self.scope, self.receive, self.send
        ^^^^^^^^^^^^^^^^^^^^^^^^^^^^^^^^^^^
    )
    ^
  File "C:\Users\anshupal\OneDrive\Desktop\rexionAI\.venv-1\Lib\site-packages\uvicorn\middleware\proxy_headers.py", line 60, in __call__
    return await self.app(scope, receive, send)
           ^^^^^^^^^^^^^^^^^^^^^^^^^^^^^^^^^^^^
  File "C:\Users\anshupal\OneDrive\Desktop\rexionAI\.venv-1\Lib\site-packages\fastapi\applications.py", line 1054, in __call__
    await super().__call__(scope, receive, send)
  File "C:\Users\anshupal\OneDrive\Desktop\rexionAI\.venv-1\Lib\site-packages\starlette\applications.py", line 113, in __call__
    await self.middleware_stack(scope, receive, send)
  File "C:\Users\anshupal\OneDrive\Desktop\rexionAI\.venv-1\Lib\site-packages\starlette\middleware\errors.py", line 186, in __call__
    raise exc
  File "C:\Users\anshupal\OneDrive\Desktop\rexionAI\.venv-1\Lib\site-packages\starlette\middleware\errors.py", line 164, in __call__
    await self.app(scope, receive, _send)
  File "C:\Users\anshupal\OneDrive\Desktop\rexionAI\.venv-1\Lib\site-packages\starlette\middleware\cors.py", line 85, in __call__
    await self.app(scope, receive, send)
  File "C:\Users\anshupal\OneDrive\Desktop\rexionAI\.venv-1\Lib\site-packages\starlette\middleware\exceptions.py", line 63, in __call__
    await wrap_app_handling_exceptions(self.app, conn)(scope, receive, send)
  File "C:\Users\anshupal\OneDrive\Desktop\rexionAI\.venv-1\Lib\site-packages\starlette\_exception_handler.py", line 53, in wrapped_app
    raise exc
  File "C:\Users\anshupal\OneDrive\Desktop\rexionAI\.venv-1\Lib\site-packages\starlette\_exception_handler.py", line 42, in wrapped_app
    await app(scope, receive, sender)
  File "C:\Users\anshupal\OneDrive\Desktop\rexionAI\.venv-1\Lib\site-packages\starlette\routing.py", line 716, in __call__
    await self.middleware_stack(scope, receive, send)
  File "C:\Users\anshupal\OneDrive\Desktop\rexionAI\.venv-1\Lib\site-packages\starlette\routing.py", line 736, in app
    await route.handle(scope, receive, send)
  File "C:\Users\anshupal\OneDrive\Desktop\rexionAI\.venv-1\Lib\site-packages\starlette\routing.py", line 290, in handle
    await self.app(scope, receive, send)
  File "C:\Users\anshupal\OneDrive\Desktop\rexionAI\.venv-1\Lib\site-packages\starlette\routing.py", line 78, in app
    await wrap_app_handling_exceptions(app, request)(scope, receive, send)
  File "C:\Users\anshupal\OneDrive\Desktop\rexionAI\.venv-1\Lib\site-packages\starlette\_exception_handler.py", line 53, in wrapped_app
    raise exc
  File "C:\Users\anshupal\OneDrive\Desktop\rexionAI\.venv-1\Lib\site-packages\starlette\_exception_handler.py", line 42, in wrapped_app
    await app(scope, receive, sender)
  File "C:\Users\anshupal\OneDrive\Desktop\rexionAI\.venv-1\Lib\site-packages\starlette\routing.py", line 75, in app
    response = await f(request)
               ^^^^^^^^^^^^^^^^
  File "C:\Users\anshupal\OneDrive\Desktop\rexionAI\.venv-1\Lib\site-packages\fastapi\routing.py", line 302, in app
    raw_response = await run_endpoint_function(
                   ^^^^^^^^^^^^^^^^^^^^^^^^^^^^
    ...<3 lines>...
    )
    ^
  File "C:\Users\anshupal\OneDrive\Desktop\rexionAI\.venv-1\Lib\site-packages\fastapi\routing.py", line 213, in run_endpoint_function
    return await dependant.call(**values)
           ^^^^^^^^^^^^^^^^^^^^^^^^^^^^^^
  File "C:\Users\anshupal\OneDrive\Desktop\rexionAI\ml_service\app\main.py", line 109, in predict
    predictions, probabilities = predictor.predict(features)
                                 ~~~~~~~~~~~~~~~~~^^^^^^^^^^
  File "C:\Users\anshupal\OneDrive\Desktop\rexionAI\ml_service\app\models\predictor.py", line 121, in predict
    probs = self.model.predict_proba(X).max(axis=1)
            ~~~~~~~~~~~~~~~~~~~~~~~~^^^
  File "C:\Users\anshupal\OneDrive\Desktop\rexionAI\.venv-1\Lib\site-packages\sklearn\linear_model\_logistic.py", line 1457, in predict_proba
    ovr = self.multi_class in ["ovr", "warn"] or (
          ^^^^^^^^^^^^^^^^
AttributeError: 'LogisticRegression' object has no attribute 'multi_class'
